<?xml version="1.0" encoding="UTF-8"?>
<!-- Generated by org.testng.reporters.JUnitReportReporter -->
<testsuite hostname="LAPTOP-QOANVVAT" failures="0" tests="6" name="com.sausedemo.runner.Runner" time="67.933" errors="0" timestamp="03 Nov 2022 22:59:56 GMT" skipped="0">
  <testcase classname="com.sausedemo.runner.Runner" name="runScenario" time="5.763"/>
  <testcase classname="com.sausedemo.runner.Runner" name="runScenario" time="19.332"/>
  <testcase classname="com.sausedemo.runner.Runner" name="runScenario" time="7.502"/>
  <testcase classname="com.sausedemo.runner.Runner" name="runScenario" time="8.102"/>
  <testcase classname="com.sausedemo.runner.Runner" name="runScenario" time="5.611"/>
  <testcase classname="com.sausedemo.runner.Runner" name="runScenario" time="21.623"/>
</testsuite> <!-- com.sausedemo.runner.Runner -->
