<?xml version="1.0" encoding="UTF-8"?>
<!-- Generated by org.testng.reporters.JUnitReportReporter -->
<testsuite hostname="LAPTOP-QOANVVAT" failures="0" tests="6" name="com.sausedemo.runner.Runner" time="25.970" errors="0" timestamp="09 Nov 2022 20:56:10 GMT" skipped="0">
  <testcase classname="com.sausedemo.runner.Runner" name="runScenario" time="3.447"/>
  <testcase classname="com.sausedemo.runner.Runner" name="runScenario" time="3.876"/>
  <testcase classname="com.sausedemo.runner.Runner" name="runScenario" time="4.837"/>
  <testcase classname="com.sausedemo.runner.Runner" name="runScenario" time="3.015"/>
  <testcase classname="com.sausedemo.runner.Runner" name="runScenario" time="7.326"/>
  <testcase classname="com.sausedemo.runner.Runner" name="runScenario" time="3.469"/>
</testsuite> <!-- com.sausedemo.runner.Runner -->
