<?xml version="1.0" encoding="UTF-8"?>
<!-- Generated by org.testng.reporters.JUnitReportReporter -->
<testsuite hostname="LAPTOP-QOANVVAT" failures="0" tests="6" name="com.sausedemo.runner.Runner" time="29.210" errors="0" timestamp="22 Nov 2022 23:53:15 GMT" skipped="0">
  <testcase classname="com.sausedemo.runner.Runner" name="runScenario" time="5.046"/>
  <testcase classname="com.sausedemo.runner.Runner" name="runScenario" time="4.689"/>
  <testcase classname="com.sausedemo.runner.Runner" name="runScenario" time="6.110"/>
  <testcase classname="com.sausedemo.runner.Runner" name="runScenario" time="3.614"/>
  <testcase classname="com.sausedemo.runner.Runner" name="runScenario" time="5.176"/>
  <testcase classname="com.sausedemo.runner.Runner" name="runScenario" time="4.575"/>
</testsuite> <!-- com.sausedemo.runner.Runner -->
